mode: set
github.com/emilybache/gildedrose-refactoring-kata/gildedrose/gildedrose.go:12.43,14.2 1 1
github.com/emilybache/gildedrose-refactoring-kata/gildedrose/gildedrose.go:16.44,18.19 2 1
github.com/emilybache/gildedrose-refactoring-kata/gildedrose/gildedrose.go:18.19,20.3 1 1
github.com/emilybache/gildedrose-refactoring-kata/gildedrose/gildedrose.go:23.44,24.20 1 1
github.com/emilybache/gildedrose-refactoring-kata/gildedrose/gildedrose.go:24.20,27.3 2 1
github.com/emilybache/gildedrose-refactoring-kata/gildedrose/gildedrose.go:28.2,28.16 1 1
github.com/emilybache/gildedrose-refactoring-kata/gildedrose/gildedrose.go:31.40,33.2 1 1
github.com/emilybache/gildedrose-refactoring-kata/gildedrose/gildedrose.go:47.33,50.29 2 1
github.com/emilybache/gildedrose-refactoring-kata/gildedrose/gildedrose.go:50.29,52.3 1 1
github.com/emilybache/gildedrose-refactoring-kata/gildedrose/gildedrose.go:52.8,54.3 1 1
github.com/emilybache/gildedrose-refactoring-kata/gildedrose/gildedrose.go:58.35,72.36 4 1
github.com/emilybache/gildedrose-refactoring-kata/gildedrose/gildedrose.go:72.36,74.3 1 1
github.com/emilybache/gildedrose-refactoring-kata/gildedrose/gildedrose.go:76.2,76.35 1 1
github.com/emilybache/gildedrose-refactoring-kata/gildedrose/gildedrose.go:76.35,78.3 1 1
github.com/emilybache/gildedrose-refactoring-kata/gildedrose/gildedrose.go:80.2,81.29 2 1
github.com/emilybache/gildedrose-refactoring-kata/gildedrose/gildedrose.go:81.29,83.3 1 1
github.com/emilybache/gildedrose-refactoring-kata/gildedrose/gildedrose.go:87.36,91.29 2 1
github.com/emilybache/gildedrose-refactoring-kata/gildedrose/gildedrose.go:91.29,93.3 1 1
github.com/emilybache/gildedrose-refactoring-kata/gildedrose/gildedrose.go:93.8,95.3 1 1
github.com/emilybache/gildedrose-refactoring-kata/gildedrose/gildedrose.go:99.35,101.29 1 1
github.com/emilybache/gildedrose-refactoring-kata/gildedrose/gildedrose.go:101.29,103.20 1 1
github.com/emilybache/gildedrose-refactoring-kata/gildedrose/gildedrose.go:104.20,109.40 4 1
github.com/emilybache/gildedrose-refactoring-kata/gildedrose/gildedrose.go:111.37,111.37 0 1
github.com/emilybache/gildedrose-refactoring-kata/gildedrose/gildedrose.go:113.52,118.42 4 1
github.com/emilybache/gildedrose-refactoring-kata/gildedrose/gildedrose.go:120.11,125.43 4 1
