mode: set
github.com/emilybache/gildedrose-refactoring-kata/gildedrose/brie.go:7.30,10.26 2 1
github.com/emilybache/gildedrose-refactoring-kata/gildedrose/brie.go:10.26,12.3 1 1
github.com/emilybache/gildedrose-refactoring-kata/gildedrose/brie.go:12.8,14.3 1 1
github.com/emilybache/gildedrose-refactoring-kata/gildedrose/gildedrose.go:12.43,14.2 1 1
github.com/emilybache/gildedrose-refactoring-kata/gildedrose/gildedrose.go:16.44,18.19 2 1
github.com/emilybache/gildedrose-refactoring-kata/gildedrose/gildedrose.go:18.19,20.3 1 1
github.com/emilybache/gildedrose-refactoring-kata/gildedrose/gildedrose.go:23.44,24.20 1 1
github.com/emilybache/gildedrose-refactoring-kata/gildedrose/gildedrose.go:24.20,27.3 2 1
github.com/emilybache/gildedrose-refactoring-kata/gildedrose/gildedrose.go:28.2,28.16 1 1
github.com/emilybache/gildedrose-refactoring-kata/gildedrose/gildedrose.go:31.40,33.2 1 1
github.com/emilybache/gildedrose-refactoring-kata/gildedrose/gildedrose.go:36.30,40.26 2 1
github.com/emilybache/gildedrose-refactoring-kata/gildedrose/gildedrose.go:40.26,42.3 1 1
github.com/emilybache/gildedrose-refactoring-kata/gildedrose/gildedrose.go:42.8,44.3 1 1
github.com/emilybache/gildedrose-refactoring-kata/gildedrose/gildedrose.go:48.58,50.27 1 1
github.com/emilybache/gildedrose-refactoring-kata/gildedrose/gildedrose.go:51.19,52.29 1 1
github.com/emilybache/gildedrose-refactoring-kata/gildedrose/gildedrose.go:54.36,55.33 1 1
github.com/emilybache/gildedrose-refactoring-kata/gildedrose/gildedrose.go:57.51,58.31 1 1
github.com/emilybache/gildedrose-refactoring-kata/gildedrose/gildedrose.go:60.10,61.22 1 1
github.com/emilybache/gildedrose-refactoring-kata/gildedrose/gildedrose.go:65.41,67.29 1 1
github.com/emilybache/gildedrose-refactoring-kata/gildedrose/gildedrose.go:67.29,71.3 2 1
github.com/emilybache/gildedrose-refactoring-kata/gildedrose/gildedrose.go:74.35,78.2 1 1
github.com/emilybache/gildedrose-refactoring-kata/gildedrose/sulfuras.go:7.35,9.2 0 1
github.com/emilybache/gildedrose-refactoring-kata/gildedrose/ticket.go:7.32,21.33 4 1
github.com/emilybache/gildedrose-refactoring-kata/gildedrose/ticket.go:21.33,23.3 1 1
github.com/emilybache/gildedrose-refactoring-kata/gildedrose/ticket.go:25.2,25.32 1 1
github.com/emilybache/gildedrose-refactoring-kata/gildedrose/ticket.go:25.32,27.3 1 1
github.com/emilybache/gildedrose-refactoring-kata/gildedrose/ticket.go:29.2,30.26 2 1
github.com/emilybache/gildedrose-refactoring-kata/gildedrose/ticket.go:30.26,32.3 1 1
